<?xml version="1.0" encoding="UTF-8"?>
<testng-results skipped="0" failed="0" ignored="0" total="1" passed="1">
  <reporter-output>
  </reporter-output>
  <suite name="Default suite" duration-ms="93455" started-at="2020-08-04T16:02:24 IST" finished-at="2020-08-04T16:03:57 IST">
    <groups>
    </groups>
    <test name="Default test" duration-ms="93455" started-at="2020-08-04T16:02:24 IST" finished-at="2020-08-04T16:03:57 IST">
      <class name="crm.Vtiger.contacts.DeleteContactTest">
        <test-method status="PASS" signature="configBS()[pri:0, instance:crm.Vtiger.contacts.DeleteContactTest@6895a785]" name="configBS" is-config="true" duration-ms="1367" started-at="2020-08-04T16:02:22 IST" finished-at="2020-08-04T16:02:24 IST">
          <reporter-output>
          </reporter-output>
        </test-method> <!-- configBS -->
        <test-method status="PASS" signature="configBC()[pri:0, instance:crm.Vtiger.contacts.DeleteContactTest@6895a785]" name="configBC" is-config="true" duration-ms="8188" started-at="2020-08-04T16:02:24 IST" finished-at="2020-08-04T16:02:32 IST">
          <reporter-output>
          </reporter-output>
        </test-method> <!-- configBC -->
        <test-method status="PASS" signature="configBM()[pri:0, instance:crm.Vtiger.contacts.DeleteContactTest@6895a785]" name="configBM" is-config="true" duration-ms="14462" started-at="2020-08-04T16:02:32 IST" finished-at="2020-08-04T16:02:46 IST">
          <reporter-output>
          </reporter-output>
        </test-method> <!-- configBM -->
        <test-method status="PASS" signature="deleteContactTest()[pri:0, instance:crm.Vtiger.contacts.DeleteContactTest@6895a785]" name="deleteContactTest" duration-ms="60155" started-at="2020-08-04T16:02:46 IST" finished-at="2020-08-04T16:03:46 IST">
          <reporter-output>
          </reporter-output>
        </test-method> <!-- deleteContactTest -->
        <test-method status="PASS" signature="configAM()[pri:0, instance:crm.Vtiger.contacts.DeleteContactTest@6895a785]" name="configAM" is-config="true" duration-ms="9919" started-at="2020-08-04T16:03:46 IST" finished-at="2020-08-04T16:03:56 IST">
          <reporter-output>
          </reporter-output>
        </test-method> <!-- configAM -->
        <test-method status="PASS" signature="configAC()[pri:0, instance:crm.Vtiger.contacts.DeleteContactTest@6895a785]" name="configAC" is-config="true" duration-ms="579" started-at="2020-08-04T16:03:56 IST" finished-at="2020-08-04T16:03:57 IST">
          <reporter-output>
          </reporter-output>
        </test-method> <!-- configAC -->
        <test-method status="PASS" signature="configAS()[pri:0, instance:crm.Vtiger.contacts.DeleteContactTest@6895a785]" name="configAS" is-config="true" duration-ms="4" started-at="2020-08-04T16:03:58 IST" finished-at="2020-08-04T16:03:58 IST">
          <reporter-output>
          </reporter-output>
        </test-method> <!-- configAS -->
      </class> <!-- crm.Vtiger.contacts.DeleteContactTest -->
    </test> <!-- Default test -->
  </suite> <!-- Default suite -->
</testng-results>
